[homework-5-637780.webflow.io/index.html]
[backblue.gif]
[fade.gif]
[index.html]
[uploads-ssl.webflow.com/5e60c107afff65126f9a115d/css/homework-5-637780.webflow.30eab7105.css]
[ajax.googleapis.com/ajax/libs/webfont/1.6.26/webfont.js]
[uploads-ssl.webflow.com/img/webclip.png]
[uploads-ssl.webflow.com/5e60c107afff65126f9a115d/5e60c16630fed6c4e8d7bc73_h1-slider-img-1.png]
[uploads-ssl.webflow.com/5e60c107afff65126f9a115d/5e60c18dafff65cd029a1db3_slider-separator-img.png]
[uploads-ssl.webflow.com/5e60c107afff65126f9a115d/5e60c18d6f0e68c13d9041fe_title-separator.png]
[uploads-ssl.webflow.com/5e60c107afff65126f9a115d/5e60c1666f0e68bdad9039fa_h2-custom-icon-5.png]
[uploads-ssl.webflow.com/5e60c107afff65126f9a115d/5e60c1662c27c08c2f9f3728_h2-custom-icon-6.png]
[uploads-ssl.webflow.com/5e60c107afff65126f9a115d/5e60c1662c27c0f0119f3727_h2-custom-icon-7.png]
[uploads-ssl.webflow.com/5e60c107afff65126f9a115d/5e60c1666f0e68324a9039fb_h2-custom-icon-8.png]
[uploads-ssl.webflow.com/5e60c107afff65126f9a115d/5e60c16546e6b89785cf4c22_h1-single-img-1-250x226.png]
[d3e54v103j8qbb.cloudfront.net/js/jquery-3.4.1.min.220afd743d.js]
[homework-5-637780.webflow.io/index.html]
[uploads-ssl.webflow.com/5e60c107afff65126f9a115d/js/webflow.631d2da19.js]
[uploads-ssl.webflow.com/5e60c107afff65126f9a115d/5e60c18cc15a685ca1f3218e_home-1-slider-image-1.jpg]
[uploads-ssl.webflow.com/5e60c107afff65126f9a115d/5e60c18c016860f84b9430b8_home-1-slider-image-2.jpg]
[uploads-ssl.webflow.com/5e60c107afff65126f9a115d/5e60c18cafff653cbb9a1db2_home-1-slider-image-3.jpg]
[uploads-ssl.webflow.com/5e60c107afff65126f9a115d/5e60c166afff65e5f49a149e_h1-bacground-img-1.jpg]
[uploads-ssl.webflow.com/5e60c107afff65126f9a115d/5e60c16430fed6853cd7bc71_blog-1-img-2.jpg]
[uploads-ssl.webflow.com/5e60c107afff65126f9a115d/5e60c164df9df87f73ebc3a0_blog-1-img-1.jpg]
[uploads-ssl.webflow.com/5e60c107afff65126f9a115d/5e60c164df9df8df52ebc39e_blog-1-img-3.jpg]
[uploads-ssl.webflow.com/5e60c107afff65126f9a115d/5e60c1650168606d92942fe2_h1-bacground-img-2.jpg]
[uploads-ssl.webflow.com/5e60c107afff65126f9a115d/css/homework-5-637780.webflow.30eab7105.css]
